<?xml version="1.0" encoding="UTF-8"?>
<!-- Generated by org.testng.reporters.JUnitXMLReporter -->
<testsuite ignored="17" hostname="parth-HP-245-G7-Notebook-PC" failures="0" tests="1" name="Tasks" time="10.54" errors="0" timestamp="2022-07-18T12:08:45 IST">
  <testcase classname="module.Tasks" name="task" time="10.533"/>
  <testcase classname="module.profile" name="profile_icon" time="0.0">
    <ignored/>
  </testcase> <!-- profile_icon -->
  <testcase classname="module.organization_management" name="manage_status" time="0.0">
    <ignored/>
  </testcase> <!-- manage_status -->
  <testcase classname="module.organization_management" name="delete_member" time="0.0">
    <ignored/>
  </testcase> <!-- delete_member -->
  <testcase classname="module.organization_management" name="manage_role" time="0.0">
    <ignored/>
  </testcase> <!-- manage_role -->
  <testcase classname="module.profile" name="edit_profile" time="0.0">
    <ignored/>
  </testcase> <!-- edit_profile -->
  <testcase classname="module.organization_management" name="manage_services" time="0.0">
    <ignored/>
  </testcase> <!-- manage_services -->
  <testcase classname="module.organization_management" name="manage_member" time="0.0">
    <ignored/>
  </testcase> <!-- manage_member -->
  <testcase classname="module.organization_management" name="manage_clients" time="0.0">
    <ignored/>
  </testcase> <!-- manage_clients -->
  <testcase classname="module.organization_management" name="delete_clients" time="0.0">
    <ignored/>
  </testcase> <!-- delete_clients -->
  <testcase classname="module.organization_management" name="delete_services" time="0.0">
    <ignored/>
  </testcase> <!-- delete_services -->
  <testcase classname="module.login" name="launchApp" time="0.0">
    <ignored/>
  </testcase> <!-- launchApp -->
  <testcase classname="module.profile" name="edit_billing" time="0.0">
    <ignored/>
  </testcase> <!-- edit_billing -->
  <testcase classname="module.organization_management" name="new_company" time="0.0">
    <ignored/>
  </testcase> <!-- new_company -->
  <testcase classname="module.profile" name="scroll_element" time="0.0">
    <ignored/>
  </testcase> <!-- scroll_element -->
  <testcase classname="module.organization_management" name="Om" time="0.0">
    <ignored/>
  </testcase> <!-- Om -->
  <testcase classname="module.profile" name="change_password" time="0.0">
    <ignored/>
  </testcase> <!-- change_password -->
  <testcase classname="module.profile" name="password_negative" time="0.0">
    <ignored/>
  </testcase> <!-- password_negative -->
</testsuite> <!-- Tasks -->
